nohup: ignoring input
Found 1979 CIF files. Starting analysis...
Processed 10/1979...
Processed 20/1979...
Processed 30/1979...
Processed 40/1979...
Processed 50/1979...
Processed 60/1979...
Processed 70/1979...
Processed 80/1979...
Processed 90/1979...
Processed 100/1979...
Processed 110/1979...
Processed 120/1979...
Processed 130/1979...
Processed 140/1979...
Processed 150/1979...
Processed 160/1979...
Processed 170/1979...
Processed 180/1979...
Processed 190/1979...
Processed 200/1979...
Processed 210/1979...
Processed 220/1979...
Processed 230/1979...
Processed 240/1979...
Processed 250/1979...
Processed 260/1979...
Processed 270/1979...
Processed 280/1979...
Processed 290/1979...
Processed 300/1979...
Processed 310/1979...
Processed 320/1979...
Processed 330/1979...
Processed 340/1979...
Processed 350/1979...
Processed 360/1979...
Processed 370/1979...
Processed 380/1979...
Processed 390/1979...
Processed 400/1979...
Processed 410/1979...
Processed 420/1979...
Processed 430/1979...
Processed 440/1979...
Processed 450/1979...
Processed 460/1979...
Processed 470/1979...
Processed 480/1979...
Processed 490/1979...
Processed 500/1979...
Processed 510/1979...
Processed 520/1979...
Processed 530/1979...
Processed 540/1979...
Processed 550/1979...
Processed 560/1979...
Processed 570/1979...
Processed 580/1979...
Processed 590/1979...
Processed 600/1979...
Processed 610/1979...
Processed 620/1979...
Processed 630/1979...
Processed 640/1979...
Processed 650/1979...
Processed 660/1979...
Processed 670/1979...
Processed 680/1979...
Processed 690/1979...
Processed 700/1979...
Processed 710/1979...
Processed 720/1979...
Processed 730/1979...
Processed 740/1979...
Processed 750/1979...
Processed 760/1979...
Processed 770/1979...
Processed 780/1979...
Processed 790/1979...
Processed 800/1979...
Processed 810/1979...
Processed 820/1979...
Processed 830/1979...
Processed 840/1979...
Processed 850/1979...
Processed 860/1979...
Processed 870/1979...
Processed 880/1979...
Processed 890/1979...
Processed 900/1979...
Processed 910/1979...
Processed 920/1979...
Processed 930/1979...
Processed 940/1979...
Processed 950/1979...
Processed 960/1979...
Processed 970/1979...
Processed 980/1979...
Processed 990/1979...
Processed 1000/1979...
Processed 1010/1979...
Processed 1020/1979...
Processed 1030/1979...
Processed 1040/1979...
Processed 1050/1979...
Processed 1060/1979...
Processed 1070/1979...
Processed 1080/1979...
Processed 1090/1979...
Processed 1100/1979...
Processed 1110/1979...
Processed 1120/1979...
Processed 1130/1979...
Processed 1140/1979...
Processed 1150/1979...
Processed 1160/1979...
Processed 1170/1979...
Processed 1180/1979...
Processed 1190/1979...
Processed 1200/1979...
Processed 1210/1979...
Processed 1220/1979...
Processed 1230/1979...
Processed 1240/1979...
Processed 1250/1979...
Processed 1260/1979...
Processed 1270/1979...
Processed 1280/1979...
Processed 1290/1979...
Processed 1300/1979...
Processed 1310/1979...
Processed 1320/1979...
Processed 1330/1979...
Processed 1340/1979...
Processed 1350/1979...
Processed 1360/1979...
Processed 1370/1979...
Processed 1380/1979...
Processed 1390/1979...
Processed 1400/1979...
Processed 1410/1979...
Processed 1420/1979...
Processed 1430/1979...
Processed 1440/1979...
Processed 1450/1979...
Processed 1460/1979...
Processed 1470/1979...
Processed 1480/1979...
Processed 1490/1979...
Processed 1500/1979...
Processed 1510/1979...
Processed 1520/1979...
Processed 1530/1979...
Processed 1540/1979...
Processed 1550/1979...
Processed 1560/1979...
Processed 1570/1979...
Processed 1580/1979...
Processed 1590/1979...
Processed 1600/1979...
Processed 1610/1979...
Processed 1620/1979...
Processed 1630/1979...
Processed 1640/1979...
Processed 1650/1979...
Processed 1660/1979...
Processed 1670/1979...
Processed 1680/1979...
Processed 1690/1979...
Processed 1700/1979...
Processed 1710/1979...
Processed 1720/1979...
Processed 1730/1979...
Processed 1740/1979...
Processed 1750/1979...
Processed 1760/1979...
Processed 1770/1979...
Processed 1780/1979...
Processed 1790/1979...
Processed 1800/1979...
Processed 1810/1979...
Processed 1820/1979...
Processed 1830/1979...
Processed 1840/1979...
Processed 1850/1979...
Processed 1860/1979...
Processed 1870/1979...
Processed 1880/1979...
Processed 1890/1979...
Processed 1900/1979...
Processed 1910/1979...
Processed 1920/1979...
Processed 1930/1979...
Processed 1940/1979...
Processed 1950/1979...
Processed 1960/1979...
Processed 1970/1979...
Report saved to rna_analysis_report.csv
Plots saved to rna_data_quality.png
