nohup: ignoring input
Seed set to 42
2026-05-06 14:28:23.721 | INFO     | utils:setup_log_dir:105 - Log directory: logs/RNA_test_01/runs/2026-05-06_14-28-23
2026-05-06 14:28:23.724 | INFO     | utils:instantiate_model:41 - Loading BaseFlow with args: {'network_type': 'TorchMDDynamics', 'hidden_channels': 128, 'num_layers': 6, 'num_rbf': 64, 'rbf_type': 'expnorm', 'trainable_rbf': True, 'activation': 'silu', 'neighbor_embedding': True, 'cutoff_lower': 0.0, 'cutoff_upper': 4.5, 'max_z': 100, 'node_attr_dim': 0, 'edge_attr_dim': 0, 'attn_activation': 'silu', 'num_heads': 8, 'distance_influence': 'both', 'reduce_op': 'sum', 'qk_norm': True, 'so3_equivariant': True, 'clip_during_norm': True, 'sigma': 0.1, 'optimizer_type': 'AdamW', 'lr': 0.0003, 'weight_decay': 1e-08, 'lr_scheduler_type': 'CosineAnnealingWarmupRestarts', 'first_cycle_steps': 100000, 'cycle_mult': 1.0, 'max_lr': 0.0003, 'min_lr': 1e-08, 'warmup_steps': 1000, 'gamma': 0.05, 'last_epoch': -1, 'lr_scheduler_monitor': 'val/loss', 'lr_scheduler_interval': 'step', 'lr_scheduler_frequency': 1}
Using 16bit Automatic Mixed Precision (AMP)
GPU available: True (cuda), used: True
TPU available: False, using: 0 TPU cores
💡 Tip: For seamless cloud logging and experiment tracking, try installing [litlogger](https://pypi.org/project/litlogger/) to enable LitLogger, which logs metrics and artifacts automatically to the Lightning Experiments platform.
wandb: WARNING The anonymous setting has no effect and will be removed in a future version.
wandb: [wandb.login()] Loaded credentials for https://api.wandb.ai from /root/.netrc.
wandb: Currently logged in as: 495865098 (495865098-fudan-university-school-of-management) to https://api.wandb.ai. Use `wandb login --relogin` to force relogin
wandb: setting up run q4wpeibt
wandb: Tracking run with wandb version 0.26.1
wandb: Run data is saved locally in wandb/run-20260506_142826-q4wpeibt
wandb: Run `wandb offline` to turn off syncing.
wandb: Syncing run RNA_test_01
wandb: ⭐️ View project at https://wandb.ai/495865098-fudan-university-school-of-management/RNA-Flow-Refinement
wandb: 🚀 View run at https://wandb.ai/495865098-fudan-university-school-of-management/RNA-Flow-Refinement/runs/q4wpeibt
/opt/conda/envs/protenix_2/bin/python: can't open file '/remote-home/jinxianwang/tinghaoxia/RNA/Code_Flow_matching/logs/RNA_test_01/runs/2026-05-06_14-28-23/scripts/train.py': [Errno 2] No such file or directory
/opt/conda/envs/protenix_2/bin/python: can't open file '/remote-home/jinxianwang/tinghaoxia/RNA/Code_Flow_matching/logs/RNA_test_01/runs/2026-05-06_14-28-23/scripts/train.py': [Errno 2] No such file or directory
/opt/conda/envs/protenix_2/bin/python: can't open file '/remote-home/jinxianwang/tinghaoxia/RNA/Code_Flow_matching/logs/RNA_test_01/runs/2026-05-06_14-28-23/scripts/train.py': [Errno 2] No such file or directory
/opt/conda/envs/protenix_2/bin/python: can't open file '/remote-home/jinxianwang/tinghaoxia/RNA/Code_Flow_matching/logs/RNA_test_01/runs/2026-05-06_14-28-23/scripts/train.py': [Errno 2] No such file or directory
/opt/conda/envs/protenix_2/bin/python: can't open file '/remote-home/jinxianwang/tinghaoxia/RNA/Code_Flow_matching/logs/RNA_test_01/runs/2026-05-06_14-28-23/scripts/train.py': [Errno 2] No such file or directory
/opt/conda/envs/protenix_2/bin/python: can't open file '/remote-home/jinxianwang/tinghaoxia/RNA/Code_Flow_matching/logs/RNA_test_01/runs/2026-05-06_14-28-23/scripts/train.py': [Errno 2] No such file or directory
/opt/conda/envs/protenix_2/bin/python: can't open file '/remote-home/jinxianwang/tinghaoxia/RNA/Code_Flow_matching/logs/RNA_test_01/runs/2026-05-06_14-28-23/scripts/train.py': [Errno 2] No such file or directory
Initializing distributed: GLOBAL_RANK: 0, MEMBER: 1/8
[rank: 1] Child process with PID 863514 terminated with code 2. Forcefully terminating all other processes to avoid zombies 🧟
